1716033596.354606 client started (798451): version 3.3a, socket /tmp/tmux-58418/default, protocol 8
1716033596.354774 on Linux 4.18.0-372.80.1.el8_6.x86_64 #1 SMP Fri Nov 3 14:30:16 EDT 2023
1716033596.354797 using libevent 2.1.12-stable (poll); ncurses 6.3
1716033596.354860 flags are 0x10010000
1716033596.354875 socket is /tmp/tmux-58418/default
1716033596.354905 trying connect
1716033596.355032 add peer 0x1409b20: 7 ((nil))
1716033596.359151 sending message 100 to peer 0x1409b20 (4 bytes)
1716033596.359188 sending message 111 to peer 0x1409b20 (8 bytes)
1716033596.359204 sending message 101 to peer 0x1409b20 (15 bytes)
1716033596.359217 sending message 109 to peer 0x1409b20 (4 bytes)
1716033596.359230 sending message 102 to peer 0x1409b20 (11 bytes)
1716033596.359244 sending message 108 to peer 0x1409b20 (30 bytes)
1716033596.359257 sending message 112 to peer 0x1409b20 (58 bytes)
1716033596.359270 sending message 112 to peer 0x1409b20 (5 bytes)
1716033596.359283 sending message 112 to peer 0x1409b20 (5 bytes)
1716033596.359295 sending message 112 to peer 0x1409b20 (6 bytes)
1716033596.359308 sending message 112 to peer 0x1409b20 (6 bytes)
1716033596.359321 sending message 112 to peer 0x1409b20 (11 bytes)
1716033596.359334 sending message 112 to peer 0x1409b20 (10 bytes)
1716033596.359346 sending message 112 to peer 0x1409b20 (13 bytes)
1716033596.359359 sending message 112 to peer 0x1409b20 (14 bytes)
1716033596.359371 sending message 112 to peer 0x1409b20 (19 bytes)
1716033596.359384 sending message 112 to peer 0x1409b20 (11 bytes)
1716033596.359397 sending message 112 to peer 0x1409b20 (10 bytes)
1716033596.359410 sending message 112 to peer 0x1409b20 (15 bytes)
1716033596.359422 sending message 112 to peer 0x1409b20 (21 bytes)
1716033596.359443 sending message 112 to peer 0x1409b20 (13 bytes)
1716033596.359455 sending message 112 to peer 0x1409b20 (7 bytes)
1716033596.359469 sending message 112 to peer 0x1409b20 (13 bytes)
1716033596.359481 sending message 112 to peer 0x1409b20 (7 bytes)
1716033596.359494 sending message 112 to peer 0x1409b20 (13 bytes)
1716033596.359507 sending message 112 to peer 0x1409b20 (9 bytes)
1716033596.359519 sending message 112 to peer 0x1409b20 (21 bytes)
1716033596.359532 sending message 112 to peer 0x1409b20 (13 bytes)
1716033596.359545 sending message 112 to peer 0x1409b20 (9 bytes)
1716033596.359557 sending message 112 to peer 0x1409b20 (16 bytes)
1716033596.359570 sending message 112 to peer 0x1409b20 (13 bytes)
1716033596.359582 sending message 112 to peer 0x1409b20 (9 bytes)
1716033596.359595 sending message 112 to peer 0x1409b20 (9 bytes)
1716033596.359608 sending message 112 to peer 0x1409b20 (12 bytes)
1716033596.359620 sending message 112 to peer 0x1409b20 (8 bytes)
1716033596.359633 sending message 112 to peer 0x1409b20 (8 bytes)
1716033596.359645 sending message 112 to peer 0x1409b20 (13 bytes)
1716033596.359658 sending message 112 to peer 0x1409b20 (7 bytes)
1716033596.359671 sending message 112 to peer 0x1409b20 (7 bytes)
1716033596.359683 sending message 112 to peer 0x1409b20 (9 bytes)
1716033596.359696 sending message 112 to peer 0x1409b20 (9 bytes)
1716033596.359708 sending message 112 to peer 0x1409b20 (15 bytes)
1716033596.359721 sending message 112 to peer 0x1409b20 (13 bytes)
1716033596.359734 sending message 112 to peer 0x1409b20 (12 bytes)
1716033596.359746 sending message 112 to peer 0x1409b20 (8 bytes)
1716033596.359759 sending message 112 to peer 0x1409b20 (14 bytes)
1716033596.359772 sending message 112 to peer 0x1409b20 (11 bytes)
1716033596.359784 sending message 112 to peer 0x1409b20 (9 bytes)
1716033596.359797 sending message 112 to peer 0x1409b20 (10 bytes)
1716033596.359810 sending message 112 to peer 0x1409b20 (10 bytes)
1716033596.359823 sending message 112 to peer 0x1409b20 (10 bytes)
1716033596.359835 sending message 112 to peer 0x1409b20 (10 bytes)
1716033596.360989 sending message 112 to peer 0x1409b20 (11 bytes)
1716033596.361008 sending message 112 to peer 0x1409b20 (12 bytes)
1716033596.361021 sending message 112 to peer 0x1409b20 (12 bytes)
1716033596.361034 sending message 112 to peer 0x1409b20 (12 bytes)
1716033596.361047 sending message 112 to peer 0x1409b20 (12 bytes)
1716033596.361059 sending message 112 to peer 0x1409b20 (12 bytes)
1716033596.361071 sending message 112 to peer 0x1409b20 (11 bytes)
1716033596.361083 sending message 112 to peer 0x1409b20 (11 bytes)
1716033596.361095 sending message 112 to peer 0x1409b20 (12 bytes)
1716033596.361107 sending message 112 to peer 0x1409b20 (12 bytes)
1716033596.361119 sending message 112 to peer 0x1409b20 (12 bytes)
1716033596.361131 sending message 112 to peer 0x1409b20 (12 bytes)
1716033596.361143 sending message 112 to peer 0x1409b20 (12 bytes)
1716033596.361155 sending message 112 to peer 0x1409b20 (9 bytes)
1716033596.361167 sending message 112 to peer 0x1409b20 (12 bytes)
1716033596.361179 sending message 112 to peer 0x1409b20 (13 bytes)
1716033596.361191 sending message 112 to peer 0x1409b20 (13 bytes)
1716033596.361203 sending message 112 to peer 0x1409b20 (13 bytes)
1716033596.361215 sending message 112 to peer 0x1409b20 (13 bytes)
1716033596.361227 sending message 112 to peer 0x1409b20 (13 bytes)
1716033596.361239 sending message 112 to peer 0x1409b20 (8 bytes)
1716033596.361251 sending message 112 to peer 0x1409b20 (11 bytes)
1716033596.361263 sending message 112 to peer 0x1409b20 (11 bytes)
1716033596.361275 sending message 112 to peer 0x1409b20 (11 bytes)
1716033596.361287 sending message 112 to peer 0x1409b20 (12 bytes)
1716033596.361299 sending message 112 to peer 0x1409b20 (12 bytes)
1716033596.361310 sending message 112 to peer 0x1409b20 (12 bytes)
1716033596.361322 sending message 112 to peer 0x1409b20 (12 bytes)
1716033596.361334 sending message 112 to peer 0x1409b20 (13 bytes)
1716033596.361346 sending message 112 to peer 0x1409b20 (13 bytes)
1716033596.361358 sending message 112 to peer 0x1409b20 (13 bytes)
1716033596.361370 sending message 112 to peer 0x1409b20 (8 bytes)
1716033596.361382 sending message 112 to peer 0x1409b20 (13 bytes)
1716033596.361394 sending message 112 to peer 0x1409b20 (13 bytes)
1716033596.361406 sending message 112 to peer 0x1409b20 (13 bytes)
1716033596.361418 sending message 112 to peer 0x1409b20 (13 bytes)
1716033596.361439 sending message 112 to peer 0x1409b20 (13 bytes)
1716033596.361451 sending message 112 to peer 0x1409b20 (12 bytes)
1716033596.361463 sending message 112 to peer 0x1409b20 (12 bytes)
1716033596.361475 sending message 112 to peer 0x1409b20 (12 bytes)
1716033596.361487 sending message 112 to peer 0x1409b20 (12 bytes)
1716033596.361499 sending message 112 to peer 0x1409b20 (13 bytes)
1716033596.361511 sending message 112 to peer 0x1409b20 (8 bytes)
1716033596.361523 sending message 112 to peer 0x1409b20 (13 bytes)
1716033596.361535 sending message 112 to peer 0x1409b20 (13 bytes)
1716033596.361547 sending message 112 to peer 0x1409b20 (13 bytes)
1716033596.361559 sending message 112 to peer 0x1409b20 (13 bytes)
1716033596.361570 sending message 112 to peer 0x1409b20 (13 bytes)
1716033596.361582 sending message 112 to peer 0x1409b20 (13 bytes)
1716033596.361594 sending message 112 to peer 0x1409b20 (13 bytes)
1716033596.361606 sending message 112 to peer 0x1409b20 (12 bytes)
1716033596.361618 sending message 112 to peer 0x1409b20 (12 bytes)
1716033596.361630 sending message 112 to peer 0x1409b20 (12 bytes)
1716033596.361641 sending message 112 to peer 0x1409b20 (8 bytes)
1716033596.361653 sending message 112 to peer 0x1409b20 (12 bytes)
1716033596.361665 sending message 112 to peer 0x1409b20 (13 bytes)
1716033596.361677 sending message 112 to peer 0x1409b20 (13 bytes)
1716033596.361689 sending message 112 to peer 0x1409b20 (13 bytes)
1716033596.361701 sending message 112 to peer 0x1409b20 (13 bytes)
1716033596.361713 sending message 112 to peer 0x1409b20 (13 bytes)
1716033596.361724 sending message 112 to peer 0x1409b20 (13 bytes)
1716033596.361736 sending message 112 to peer 0x1409b20 (13 bytes)
1716033596.361748 sending message 112 to peer 0x1409b20 (13 bytes)
1716033596.361760 sending message 112 to peer 0x1409b20 (12 bytes)
1716033596.361772 sending message 112 to peer 0x1409b20 (10 bytes)
1716033596.361784 sending message 112 to peer 0x1409b20 (12 bytes)
1716033596.361796 sending message 112 to peer 0x1409b20 (12 bytes)
1716033596.361808 sending message 112 to peer 0x1409b20 (12 bytes)
1716033596.361820 sending message 112 to peer 0x1409b20 (13 bytes)
1716033596.361832 sending message 112 to peer 0x1409b20 (13 bytes)
1716033596.361844 sending message 112 to peer 0x1409b20 (13 bytes)
1716033596.361856 sending message 112 to peer 0x1409b20 (13 bytes)
1716033596.361868 sending message 112 to peer 0x1409b20 (13 bytes)
1716033596.361880 sending message 112 to peer 0x1409b20 (13 bytes)
1716033596.361891 sending message 112 to peer 0x1409b20 (13 bytes)
1716033596.361903 sending message 112 to peer 0x1409b20 (10 bytes)
1716033596.361915 sending message 112 to peer 0x1409b20 (13 bytes)
1716033596.361927 sending message 112 to peer 0x1409b20 (12 bytes)
1716033596.361939 sending message 112 to peer 0x1409b20 (12 bytes)
1716033596.361951 sending message 112 to peer 0x1409b20 (12 bytes)
1716033596.361962 sending message 112 to peer 0x1409b20 (10 bytes)
1716033596.361974 sending message 112 to peer 0x1409b20 (10 bytes)
1716033596.361986 sending message 112 to peer 0x1409b20 (10 bytes)
1716033596.361998 sending message 112 to peer 0x1409b20 (12 bytes)
1716033596.362010 sending message 112 to peer 0x1409b20 (13 bytes)
1716033596.362022 sending message 112 to peer 0x1409b20 (13 bytes)
1716033596.362034 sending message 112 to peer 0x1409b20 (13 bytes)
1716033596.362045 sending message 112 to peer 0x1409b20 (13 bytes)
1716033596.362057 sending message 112 to peer 0x1409b20 (13 bytes)
1716033596.362069 sending message 112 to peer 0x1409b20 (10 bytes)
1716033596.362081 sending message 112 to peer 0x1409b20 (11 bytes)
1716033596.362093 sending message 112 to peer 0x1409b20 (12 bytes)
1716033596.362105 sending message 112 to peer 0x1409b20 (12 bytes)
1716033596.362116 sending message 112 to peer 0x1409b20 (12 bytes)
1716033596.362128 sending message 112 to peer 0x1409b20 (12 bytes)
1716033596.362140 sending message 112 to peer 0x1409b20 (12 bytes)
1716033596.362152 sending message 112 to peer 0x1409b20 (11 bytes)
1716033596.362164 sending message 112 to peer 0x1409b20 (12 bytes)
1716033596.362176 sending message 112 to peer 0x1409b20 (12 bytes)
1716033596.362187 sending message 112 to peer 0x1409b20 (13 bytes)
1716033596.362199 sending message 112 to peer 0x1409b20 (13 bytes)
1716033596.362211 sending message 112 to peer 0x1409b20 (13 bytes)
1716033596.362223 sending message 112 to peer 0x1409b20 (13 bytes)
1716033596.362235 sending message 112 to peer 0x1409b20 (13 bytes)
1716033596.362247 sending message 112 to peer 0x1409b20 (10 bytes)
1716033596.362259 sending message 112 to peer 0x1409b20 (9 bytes)
1716033596.362271 sending message 112 to peer 0x1409b20 (12 bytes)
1716033596.362282 sending message 112 to peer 0x1409b20 (13 bytes)
1716033596.362294 sending message 112 to peer 0x1409b20 (13 bytes)
1716033596.362306 sending message 112 to peer 0x1409b20 (13 bytes)
1716033596.362318 sending message 112 to peer 0x1409b20 (13 bytes)
1716033596.362330 sending message 112 to peer 0x1409b20 (13 bytes)
1716033596.362342 sending message 112 to peer 0x1409b20 (9 bytes)
1716033596.362354 sending message 112 to peer 0x1409b20 (12 bytes)
1716033596.362366 sending message 112 to peer 0x1409b20 (13 bytes)
1716033596.362378 sending message 112 to peer 0x1409b20 (13 bytes)
1716033596.362389 sending message 112 to peer 0x1409b20 (13 bytes)
1716033596.362401 sending message 112 to peer 0x1409b20 (13 bytes)
1716033596.362413 sending message 112 to peer 0x1409b20 (13 bytes)
1716033596.362431 sending message 112 to peer 0x1409b20 (11 bytes)
1716033596.362443 sending message 112 to peer 0x1409b20 (12 bytes)
1716033596.362455 sending message 112 to peer 0x1409b20 (13 bytes)
1716033596.362468 sending message 112 to peer 0x1409b20 (13 bytes)
1716033596.362480 sending message 112 to peer 0x1409b20 (13 bytes)
1716033596.362493 sending message 112 to peer 0x1409b20 (13 bytes)
1716033596.362505 sending message 112 to peer 0x1409b20 (13 bytes)
1716033596.362518 sending message 112 to peer 0x1409b20 (11 bytes)
1716033596.362530 sending message 112 to peer 0x1409b20 (12 bytes)
1716033596.362542 sending message 112 to peer 0x1409b20 (12 bytes)
1716033596.362554 sending message 112 to peer 0x1409b20 (12 bytes)
1716033596.362567 sending message 112 to peer 0x1409b20 (12 bytes)
1716033596.362580 sending message 112 to peer 0x1409b20 (12 bytes)
1716033596.362593 sending message 112 to peer 0x1409b20 (21 bytes)
1716033596.362605 sending message 112 to peer 0x1409b20 (12 bytes)
1716033596.362617 sending message 112 to peer 0x1409b20 (9 bytes)
1716033596.362630 sending message 112 to peer 0x1409b20 (6 bytes)
1716033596.362642 sending message 112 to peer 0x1409b20 (13 bytes)
1716033596.362654 sending message 112 to peer 0x1409b20 (10 bytes)
1716033596.362666 sending message 112 to peer 0x1409b20 (24 bytes)
1716033596.362679 sending message 112 to peer 0x1409b20 (13 bytes)
1716033596.362691 sending message 112 to peer 0x1409b20 (9 bytes)
1716033596.362704 sending message 112 to peer 0x1409b20 (70 bytes)
1716033596.362716 sending message 112 to peer 0x1409b20 (69 bytes)
1716033596.362728 sending message 112 to peer 0x1409b20 (12 bytes)
1716033596.362740 sending message 112 to peer 0x1409b20 (10 bytes)
1716033596.362752 sending message 112 to peer 0x1409b20 (10 bytes)
1716033596.362764 sending message 112 to peer 0x1409b20 (24 bytes)
1716033596.362776 sending message 112 to peer 0x1409b20 (13 bytes)
1716033596.362788 sending message 112 to peer 0x1409b20 (10 bytes)
1716033596.362801 sending message 112 to peer 0x1409b20 (10 bytes)
1716033596.362813 sending message 112 to peer 0x1409b20 (10 bytes)
1716033596.362825 sending message 112 to peer 0x1409b20 (13 bytes)
1716033596.362836 sending message 112 to peer 0x1409b20 (15 bytes)
1716033596.362849 sending message 112 to peer 0x1409b20 (5 bytes)
1716033596.362863 sending message 104 to peer 0x1409b20 (0 bytes)
1716033596.362876 sending message 110 to peer 0x1409b20 (0 bytes)
1716033596.362889 sending message 107 to peer 0x1409b20 (4 bytes)
1716033596.362901 sending message 105 to peer 0x1409b20 (14 bytes)
1716033596.362913 sending message 105 to peer 0x1409b20 (19 bytes)
1716033596.362925 sending message 105 to peer 0x1409b20 (27 bytes)
1716033596.362938 sending message 105 to peer 0x1409b20 (577 bytes)
1716033596.362951 sending message 105 to peer 0x1409b20 (56 bytes)
1716033596.362982 sending message 105 to peer 0x1409b20 (50 bytes)
1716033596.363001 sending message 105 to peer 0x1409b20 (17 bytes)
1716033596.363013 sending message 105 to peer 0x1409b20 (45 bytes)
1716033596.363026 sending message 105 to peer 0x1409b20 (37 bytes)
1716033596.363038 sending message 105 to peer 0x1409b20 (33 bytes)
1716033596.363050 sending message 105 to peer 0x1409b20 (10 bytes)
1716033596.363063 sending message 105 to peer 0x1409b20 (34 bytes)
1716033596.363075 sending message 105 to peer 0x1409b20 (45 bytes)
1716033596.363088 sending message 105 to peer 0x1409b20 (38 bytes)
1716033596.363100 sending message 105 to peer 0x1409b20 (14 bytes)
1716033596.363112 sending message 105 to peer 0x1409b20 (7 bytes)
1716033596.363125 sending message 105 to peer 0x1409b20 (25 bytes)
1716033596.363137 sending message 105 to peer 0x1409b20 (28 bytes)
1716033596.363149 sending message 105 to peer 0x1409b20 (61 bytes)
1716033596.363162 sending message 105 to peer 0x1409b20 (42 bytes)
1716033596.363174 sending message 105 to peer 0x1409b20 (21 bytes)
1716033596.363186 sending message 105 to peer 0x1409b20 (20 bytes)
1716033596.363198 sending message 105 to peer 0x1409b20 (13 bytes)
1716033596.363211 sending message 105 to peer 0x1409b20 (49 bytes)
1716033596.363223 sending message 105 to peer 0x1409b20 (34 bytes)
1716033596.363235 sending message 105 to peer 0x1409b20 (19 bytes)
1716033596.363247 sending message 105 to peer 0x1409b20 (37 bytes)
1716033596.363260 sending message 105 to peer 0x1409b20 (64 bytes)
1716033596.363272 sending message 105 to peer 0x1409b20 (18 bytes)
1716033596.363284 sending message 105 to peer 0x1409b20 (39 bytes)
1716033596.363297 sending message 105 to peer 0x1409b20 (11 bytes)
1716033596.363309 sending message 105 to peer 0x1409b20 (34 bytes)
1716033596.363321 sending message 105 to peer 0x1409b20 (26 bytes)
1716033596.363333 sending message 105 to peer 0x1409b20 (20 bytes)
1716033596.363346 sending message 105 to peer 0x1409b20 (38 bytes)
1716033596.363358 sending message 105 to peer 0x1409b20 (40 bytes)
1716033596.363371 sending message 105 to peer 0x1409b20 (122 bytes)
1716033596.363383 sending message 105 to peer 0x1409b20 (22 bytes)
1716033596.363395 sending message 105 to peer 0x1409b20 (11 bytes)
1716033596.363407 sending message 105 to peer 0x1409b20 (39 bytes)
1716033596.363419 sending message 105 to peer 0x1409b20 (21 bytes)
1716033596.363439 sending message 105 to peer 0x1409b20 (25 bytes)
1716033596.363451 sending message 105 to peer 0x1409b20 (25 bytes)
1716033596.363463 sending message 105 to peer 0x1409b20 (21 bytes)
1716033596.363475 sending message 105 to peer 0x1409b20 (42 bytes)
1716033596.363488 sending message 105 to peer 0x1409b20 (26 bytes)
1716033596.363499 sending message 105 to peer 0x1409b20 (19 bytes)
1716033596.363512 sending message 105 to peer 0x1409b20 (29 bytes)
1716033596.363524 sending message 105 to peer 0x1409b20 (10 bytes)
1716033596.363536 sending message 105 to peer 0x1409b20 (16 bytes)
1716033596.363548 sending message 105 to peer 0x1409b20 (16 bytes)
1716033596.363560 sending message 105 to peer 0x1409b20 (20 bytes)
1716033596.363573 sending message 105 to peer 0x1409b20 (21 bytes)
1716033596.363585 sending message 105 to peer 0x1409b20 (13 bytes)
1716033596.363597 sending message 105 to peer 0x1409b20 (8 bytes)
1716033596.363609 sending message 105 to peer 0x1409b20 (183 bytes)
1716033596.363622 sending message 105 to peer 0x1409b20 (43 bytes)
1716033596.363635 sending message 105 to peer 0x1409b20 (34 bytes)
1716033596.363647 sending message 105 to peer 0x1409b20 (30 bytes)
1716033596.363659 sending message 105 to peer 0x1409b20 (51 bytes)
1716033596.363672 sending message 105 to peer 0x1409b20 (16 bytes)
1716033596.363684 sending message 105 to peer 0x1409b20 (39 bytes)
1716033596.363696 sending message 105 to peer 0x1409b20 (21 bytes)
1716033596.363708 sending message 105 to peer 0x1409b20 (25 bytes)
1716033596.363721 sending message 105 to peer 0x1409b20 (556 bytes)
1716033596.363733 sending message 105 to peer 0x1409b20 (21 bytes)
1716033596.363745 sending message 105 to peer 0x1409b20 (33 bytes)
1716033596.363757 sending message 105 to peer 0x1409b20 (29 bytes)
1716033596.363769 sending message 105 to peer 0x1409b20 (13 bytes)
1716033596.363781 sending message 105 to peer 0x1409b20 (30 bytes)
1716033596.363794 sending message 105 to peer 0x1409b20 (19 bytes)
1716033596.363806 sending message 105 to peer 0x1409b20 (43 bytes)
1716033596.363818 sending message 105 to peer 0x1409b20 (35 bytes)
1716033596.363831 sending message 105 to peer 0x1409b20 (40 bytes)
1716033596.363843 sending message 105 to peer 0x1409b20 (38 bytes)
1716033596.363855 sending message 105 to peer 0x1409b20 (145 bytes)
1716033596.363868 sending message 105 to peer 0x1409b20 (591 bytes)
1716033596.363880 sending message 105 to peer 0x1409b20 (55 bytes)
1716033596.363893 sending message 106 to peer 0x1409b20 (0 bytes)
1716033596.363993 sending message 200 to peer 0x1409b20 (4 bytes)
1716033596.364007 client loop enter
1716033596.365305 peer 0x1409b20 message 303
1716033596.365326 open write file 2 -
1716033596.365372 sending message 305 to peer 0x1409b20 (8 bytes)
1716033596.365408 write check file 2
1716033596.365574 peer 0x1409b20 message 304
1716033596.365590 write 58 to file 2
1716033596.365608 peer 0x1409b20 message 203
1716033596.365621 file 2 58 bytes left
1716033596.365658 write check file 2
1716033596.365670 client loop exit
